
**********************************************
20180716T150654
===============come into FuWen mode====================

**********************************************
20180716T150657
===============come into FuWen mode====================

**********************************************
20180716T150657
===============come into FuWen mode====================

**********************************************
20180716T150658
===============come into FuWen mode====================

**********************************************
20180716T150715
===============come into FuWen mode====================

**********************************************
20180716T150719
===============come into FuWen mode====================

**********************************************
20180716T150719
===============come into FuWen mode====================

**********************************************
20180716T150720
===============come into FuWen mode====================

**********************************************
20180716T150720
===============come into FuWen mode====================

**********************************************
20180716T150721
===============come into FuWen mode====================

**********************************************
20180716T150721
===============come into FuWen mode====================

**********************************************
20180716T150721
===============come into FuWen mode====================

**********************************************
20180716T150721
===============come into FuWen mode====================

**********************************************
20180716T150722
===============come into FuWen mode====================

**********************************************
20180716T150722
===============come into FuWen mode====================

**********************************************
20180716T150722
===============come into FuWen mode====================

**********************************************
20180716T150722
===============come into FuWen mode====================

**********************************************
20180716T150723
===============come into FuWen mode====================

**********************************************
20180716T150723
===============come into FuWen mode====================

**********************************************
20180716T150723
===============come into FuWen mode====================

**********************************************
20180716T150723
===============come into FuWen mode====================

**********************************************
20180716T150724
===============come into FuWen mode====================

**********************************************
20180716T150724
===============come into FuWen mode====================

**********************************************
20180716T150725
===============come into FuWen mode====================

**********************************************
20180716T150725
===============come into FuWen mode====================

**********************************************
20180716T150729
===============come into FuWen mode====================

**********************************************
20180716T150730
===============come into FuWen mode====================

**********************************************
20180716T150730
===============come into FuWen mode====================

**********************************************
20180716T150730
===============come into FuWen mode====================

**********************************************
20180716T150730
===============come into FuWen mode====================

**********************************************
20180716T150730
===============come into FuWen mode====================

**********************************************
20180716T150731
===============come into FuWen mode====================

**********************************************
20180716T150731
===============come into FuWen mode====================

**********************************************
20180716T150731
===============come into FuWen mode====================

**********************************************
20180716T150732
===============come into FuWen mode====================

**********************************************
20180716T150732
===============come into FuWen mode====================

**********************************************
20180716T150732
===============come into FuWen mode====================

**********************************************
20180716T150732
===============come into FuWen mode====================

**********************************************
20180716T150732
===============come into FuWen mode====================

**********************************************
20180716T150732
===============come into FuWen mode====================

**********************************************
20180716T150732
===============come into FuWen mode====================

**********************************************
20180716T150732
===============come into FuWen mode====================

**********************************************
20180716T150732
===============come into FuWen mode====================

**********************************************
20180716T150732
===============come into FuWen mode====================

**********************************************
20180716T150732
===============come into FuWen mode====================

**********************************************
20180716T150732
===============come into FuWen mode====================

**********************************************
20180716T150733
===============come into FuWen mode====================

**********************************************
20180716T150733
===============come into FuWen mode====================

**********************************************
20180716T150734
===============come into FuWen mode====================

**********************************************
20180716T150734
===============come into FuWen mode====================

**********************************************
20180716T150734
===============come into FuWen mode====================

**********************************************
20180716T150735
===============come into FuWen mode====================

**********************************************
20180716T150735
===============come into FuWen mode====================

**********************************************
20180716T150735
===============come into FuWen mode====================

**********************************************
20180716T150736
===============come into FuWen mode====================

**********************************************
20180716T150736
===============come into FuWen mode====================

**********************************************
20180716T150737
===============come into FuWen mode====================

**********************************************
20180716T150738
===============come into FuWen mode====================

**********************************************
20180716T150738
===============come into FuWen mode====================

**********************************************
20180716T150738
===============come into FuWen mode====================

**********************************************
20180716T150738
===============come into FuWen mode====================

**********************************************
20180716T150738
===============come into FuWen mode====================

**********************************************
20180716T150738
===============come into FuWen mode====================

**********************************************
20180716T150738
===============come into FuWen mode====================

**********************************************
20180716T150738
===============come into FuWen mode====================

**********************************************
20180716T150743
===============come into FuWen mode====================

**********************************************
20180716T150744
===============come into FuWen mode====================

**********************************************
20180716T150744
===============come into FuWen mode====================

**********************************************
20180716T150745
===============come into FuWen mode====================

**********************************************
20180716T150745
===============come into FuWen mode====================

**********************************************
20180716T150745
===============come into FuWen mode====================

**********************************************
20180716T150745
===============come into FuWen mode====================

**********************************************
20180716T150745
===============come into FuWen mode====================

**********************************************
20180716T150745
===============come into FuWen mode====================

**********************************************
20180716T150745
===============come into FuWen mode====================

**********************************************
20180716T150745
===============come into FuWen mode====================

**********************************************
20180716T150745
===============come into FuWen mode====================

**********************************************
20180716T150745
===============come into FuWen mode====================

**********************************************
20180716T150751
===============come into FuWen mode====================

**********************************************
20180716T150752
===============come into FuWen mode====================

**********************************************
20180716T150752
===============come into FuWen mode====================

**********************************************
20180716T150753
===============come into FuWen mode====================

**********************************************
20180716T150753
===============come into FuWen mode====================

**********************************************
20180716T150753
===============come into FuWen mode====================

**********************************************
20180716T150753
===============come into FuWen mode====================

**********************************************
20180716T150754
===============come into FuWen mode====================

**********************************************
20180716T150754
===============come into FuWen mode====================

**********************************************
20180716T150754
===============come into FuWen mode====================

**********************************************
20180716T150754
===============come into FuWen mode====================

**********************************************
20180716T150754
===============come into FuWen mode====================

**********************************************
20180716T150754
===============come into FuWen mode====================

**********************************************
20180716T150754
===============come into FuWen mode====================

**********************************************
20180716T150754
===============come into FuWen mode====================

**********************************************
20180716T150754
===============come into FuWen mode====================

**********************************************
20180716T150754
===============come into FuWen mode====================

**********************************************
20180716T150754
===============come into FuWen mode====================

**********************************************
20180716T150755
===============come into FuWen mode====================

**********************************************
20180716T150755
===============come into FuWen mode====================

**********************************************
20180716T150755
===============come into FuWen mode====================

**********************************************
20180716T150755
===============come into FuWen mode====================

**********************************************
20180716T150755
===============come into FuWen mode====================

**********************************************
20180716T150755
===============come into FuWen mode====================

**********************************************
20180716T150755
===============come into FuWen mode====================

**********************************************
20180716T150755
===============come into FuWen mode====================

**********************************************
20180716T150755
===============come into FuWen mode====================

**********************************************
20180716T150755
===============come into FuWen mode====================

**********************************************
20180716T150755
===============come into FuWen mode====================

**********************************************
20180716T150755
===============come into FuWen mode====================

**********************************************
20180716T150755
===============come into FuWen mode====================

**********************************************
20180716T150755
===============come into FuWen mode====================

**********************************************
20180716T150755
===============come into FuWen mode====================

**********************************************
20180716T150755
===============come into FuWen mode====================

**********************************************
20180716T150755
===============come into FuWen mode====================

**********************************************
20180716T150755
===============come into FuWen mode====================

**********************************************
20180716T150755
===============come into FuWen mode====================

**********************************************
20180716T150755
===============come into FuWen mode====================

**********************************************
20180716T150755
===============come into FuWen mode====================

**********************************************
20180716T150755
===============come into FuWen mode====================

**********************************************
20180716T150755
===============come into FuWen mode====================

**********************************************
20180716T150756
===============come into FuWen mode====================

**********************************************
20180716T150756
===============come into FuWen mode====================

**********************************************
20180716T150756
===============come into FuWen mode====================

**********************************************
20180716T150756
===============come into FuWen mode====================

**********************************************
20180716T150756
===============come into FuWen mode====================

**********************************************
20180716T150756
===============come into FuWen mode====================

**********************************************
20180716T150757
===============come into FuWen mode====================

**********************************************
20180716T150757
===============come into FuWen mode====================

**********************************************
20180716T150757
===============come into FuWen mode====================

**********************************************
20180716T150757
===============come into FuWen mode====================

**********************************************
20180716T150757
===============come into FuWen mode====================

**********************************************
20180716T150757
===============come into FuWen mode====================

**********************************************
20180716T150757
===============come into FuWen mode====================

**********************************************
20180716T150757
===============come into FuWen mode====================
isdetected  [552.174, 194.244]

**********************************************
20180716T150757
===============come into FuWen mode====================

**********************************************
20180716T150757
===============come into FuWen mode====================

**********************************************
20180716T150757
===============come into FuWen mode====================

**********************************************
20180716T150757
===============come into FuWen mode====================

**********************************************
20180716T150757
===============come into FuWen mode====================

**********************************************
20180716T150757
===============come into FuWen mode====================

**********************************************
20180716T150757
===============come into FuWen mode====================

**********************************************
20180716T150757
===============come into FuWen mode====================

**********************************************
20180716T150757
===============come into FuWen mode====================

**********************************************
20180716T150757
===============come into FuWen mode====================

**********************************************
20180716T150757
===============come into FuWen mode====================

**********************************************
20180716T150757
===============come into FuWen mode====================

**********************************************
20180716T150757
===============come into FuWen mode====================

**********************************************
20180716T150757
===============come into FuWen mode====================

**********************************************
20180716T150757
===============come into FuWen mode====================

**********************************************
20180716T150757
===============come into FuWen mode====================

**********************************************
20180716T150757
===============come into FuWen mode====================

**********************************************
20180716T150758
===============come into FuWen mode====================

**********************************************
20180716T150758
===============come into FuWen mode====================

**********************************************
20180716T150758
===============come into FuWen mode====================

**********************************************
20180716T150758
===============come into FuWen mode====================

**********************************************
20180716T150758
===============come into FuWen mode====================

**********************************************
20180716T150758
===============come into FuWen mode====================

**********************************************
20180716T150759
===============come into FuWen mode====================

**********************************************
20180716T150759
===============come into FuWen mode====================

**********************************************
20180716T150759
===============come into FuWen mode====================

**********************************************
20180716T150800
===============come into FuWen mode====================

**********************************************
20180716T150800
===============come into FuWen mode====================

**********************************************
20180716T150800
===============come into FuWen mode====================

**********************************************
20180716T150801
===============come into FuWen mode====================

**********************************************
20180716T150801
===============come into FuWen mode====================

**********************************************
20180716T150801
===============come into FuWen mode====================

**********************************************
20180716T150802
===============come into FuWen mode====================

**********************************************
20180716T150802
===============come into FuWen mode====================

**********************************************
20180716T150802
===============come into FuWen mode====================

**********************************************
20180716T150803
===============come into FuWen mode====================

**********************************************
20180716T150803
===============come into FuWen mode====================

**********************************************
20180716T150803
===============come into FuWen mode====================

**********************************************
20180716T150803
===============come into FuWen mode====================

**********************************************
20180716T150804
===============come into FuWen mode====================

**********************************************
20180716T150804
===============come into FuWen mode====================

**********************************************
20180716T150804
===============come into FuWen mode====================

**********************************************
20180716T150804
===============come into FuWen mode====================

**********************************************
20180716T150805
===============come into FuWen mode====================

**********************************************
20180716T150805
===============come into FuWen mode====================

**********************************************
20180716T150805
===============come into FuWen mode====================

**********************************************
20180716T150805
===============come into FuWen mode====================

**********************************************
20180716T150806
===============come into FuWen mode====================

**********************************************
20180716T150806
===============come into FuWen mode====================

**********************************************
20180716T150806
===============come into FuWen mode====================

**********************************************
20180716T150806
===============come into FuWen mode====================

**********************************************
20180716T150807
===============come into FuWen mode====================

**********************************************
20180716T150807
===============come into FuWen mode====================

**********************************************
20180716T150807
===============come into FuWen mode====================

**********************************************
20180716T150808
===============come into FuWen mode====================

**********************************************
20180716T150808
===============come into FuWen mode====================

**********************************************
20180716T150808
===============come into FuWen mode====================

**********************************************
20180716T150808
===============come into FuWen mode====================

**********************************************
20180716T150809
===============come into FuWen mode====================

**********************************************
20180716T150809
===============come into FuWen mode====================

**********************************************
20180716T150809
===============come into FuWen mode====================

**********************************************
20180716T150809
===============come into FuWen mode====================

**********************************************
20180716T150809
===============come into FuWen mode====================

**********************************************
20180716T150810
===============come into FuWen mode====================

**********************************************
20180716T150810
===============come into FuWen mode====================

**********************************************
20180716T150810
===============come into FuWen mode====================

**********************************************
20180716T150810
===============come into FuWen mode====================

**********************************************
20180716T150811
===============come into FuWen mode====================

**********************************************
20180716T150811
===============come into FuWen mode====================

**********************************************
20180716T150812
===============come into FuWen mode====================

**********************************************
20180716T150812
===============come into FuWen mode====================

**********************************************
20180716T150812
===============come into FuWen mode====================

**********************************************
20180716T150813
===============come into FuWen mode====================

**********************************************
20180716T150813
===============come into FuWen mode====================

**********************************************
20180716T150813
===============come into FuWen mode====================

**********************************************
20180716T150813
===============come into FuWen mode====================

**********************************************
20180716T150814
===============come into FuWen mode====================

**********************************************
20180716T150814
===============come into FuWen mode====================

**********************************************
20180716T150814
===============come into FuWen mode====================

**********************************************
20180716T150814
===============come into FuWen mode====================

**********************************************
20180716T150815
===============come into FuWen mode====================

**********************************************
20180716T150815
===============come into FuWen mode====================

**********************************************
20180716T150815
===============come into FuWen mode====================

**********************************************
20180716T150815
===============come into FuWen mode====================

**********************************************
20180716T150816
===============come into FuWen mode====================

**********************************************
20180716T150816
===============come into FuWen mode====================

**********************************************
20180716T150816
===============come into FuWen mode====================

**********************************************
20180716T150816
===============come into FuWen mode====================

**********************************************
20180716T150817
===============come into FuWen mode====================

**********************************************
20180716T150817
===============come into FuWen mode====================

**********************************************
20180716T150817
===============come into FuWen mode====================

**********************************************
20180716T150817
===============come into FuWen mode====================

**********************************************
20180716T150818
===============come into FuWen mode====================

**********************************************
20180716T150818
===============come into FuWen mode====================

**********************************************
20180716T150818
===============come into FuWen mode====================

**********************************************
20180716T150818
===============come into FuWen mode====================

**********************************************
20180716T150820
===============come into FuWen mode====================

**********************************************
20180716T150820
===============come into FuWen mode====================

**********************************************
20180716T150820
===============come into FuWen mode====================

**********************************************
20180716T150820
===============come into FuWen mode====================

**********************************************
20180716T150820
===============come into FuWen mode====================

**********************************************
20180716T150821
===============come into FuWen mode====================

**********************************************
20180716T150821
===============come into FuWen mode====================

**********************************************
20180716T150821
===============come into FuWen mode====================

**********************************************
20180716T150821
===============come into FuWen mode====================

**********************************************
20180716T150821
===============come into FuWen mode====================

**********************************************
20180716T150822
===============come into FuWen mode====================

**********************************************
20180716T150822
===============come into FuWen mode====================

**********************************************
20180716T150822
===============come into FuWen mode====================

**********************************************
20180716T150822
===============come into FuWen mode====================

**********************************************
20180716T150822
===============come into FuWen mode====================

**********************************************
20180716T150822
===============come into FuWen mode====================

**********************************************
20180716T150823
===============come into FuWen mode====================

**********************************************
20180716T150823
===============come into FuWen mode====================

**********************************************
20180716T150823
===============come into FuWen mode====================

**********************************************
20180716T150823
===============come into FuWen mode====================

**********************************************
20180716T150823
===============come into FuWen mode====================

**********************************************
20180716T150824
===============come into FuWen mode====================

**********************************************
20180716T150824
===============come into FuWen mode====================

**********************************************
20180716T150824
===============come into FuWen mode====================

**********************************************
20180716T150824
===============come into FuWen mode====================

**********************************************
20180716T150824
===============come into FuWen mode====================

**********************************************
20180716T150824
===============come into FuWen mode====================

**********************************************
20180716T150825
===============come into FuWen mode====================

**********************************************
20180716T150825
===============come into FuWen mode====================

**********************************************
20180716T150825
===============come into FuWen mode====================

**********************************************
20180716T150825
===============come into FuWen mode====================

**********************************************
20180716T150825
===============come into FuWen mode====================

**********************************************
20180716T150825
===============come into FuWen mode====================

**********************************************
20180716T150826
===============come into FuWen mode====================

**********************************************
20180716T150826
===============come into FuWen mode====================

**********************************************
20180716T150826
===============come into FuWen mode====================

**********************************************
20180716T150826
===============come into FuWen mode====================

**********************************************
20180716T150826
===============come into FuWen mode====================

**********************************************
20180716T150827
===============come into FuWen mode====================

**********************************************
20180716T150827
===============come into FuWen mode====================

**********************************************
20180716T150827
===============come into FuWen mode====================

**********************************************
20180716T150827
===============come into FuWen mode====================

**********************************************
20180716T150827
===============come into FuWen mode====================

**********************************************
20180716T150827
===============come into FuWen mode====================

**********************************************
20180716T150828
===============come into FuWen mode====================

**********************************************
20180716T150828
===============come into FuWen mode====================

**********************************************
20180716T150828
===============come into FuWen mode====================

**********************************************
20180716T150828
===============come into FuWen mode====================

**********************************************
20180716T150828
===============come into FuWen mode====================

**********************************************
20180716T150828
===============come into FuWen mode====================

**********************************************
20180716T150829
===============come into FuWen mode====================

**********************************************
20180716T150829
===============come into FuWen mode====================

**********************************************
20180716T150829
===============come into FuWen mode====================

**********************************************
20180716T150829
===============come into FuWen mode====================

**********************************************
20180716T150829
===============come into FuWen mode====================

**********************************************
20180716T150830
===============come into FuWen mode====================

**********************************************
20180716T150830
===============come into FuWen mode====================

**********************************************
20180716T150830
===============come into FuWen mode====================

**********************************************
20180716T150831
===============come into FuWen mode====================

**********************************************
20180716T150831
===============come into FuWen mode====================

**********************************************
20180716T150831
===============come into FuWen mode====================

**********************************************
20180716T150831
===============come into FuWen mode====================

**********************************************
20180716T150831
===============come into FuWen mode====================

**********************************************
20180716T150831
===============come into FuWen mode====================

**********************************************
20180716T150831
===============come into FuWen mode====================

**********************************************
20180716T150831
===============come into FuWen mode====================

**********************************************
20180716T150831
===============come into FuWen mode====================

**********************************************
20180716T150831
===============come into FuWen mode====================

**********************************************
20180716T150832
===============come into FuWen mode====================

**********************************************
20180716T150833
===============come into FuWen mode====================

**********************************************
20180716T151017
===============come into FuWen mode====================

**********************************************
20180716T151017
===============come into FuWen mode====================

**********************************************
20180716T151018
===============come into FuWen mode====================

**********************************************
20180716T151018
===============come into FuWen mode====================

**********************************************
20180716T151019
===============come into FuWen mode====================
isdetected  [553.567, 451.749]

**********************************************
20180716T151019
===============come into FuWen mode====================

**********************************************
20180716T151020
===============come into FuWen mode====================

**********************************************
20180716T151020
===============come into FuWen mode====================

**********************************************
20180716T151021
===============come into FuWen mode====================

**********************************************
20180716T151021
===============come into FuWen mode====================

**********************************************
20180716T151021
===============come into FuWen mode====================

**********************************************
20180716T151026
===============come into FuWen mode====================

**********************************************
20180716T151027
===============come into FuWen mode====================

**********************************************
20180716T151027
===============come into FuWen mode====================

**********************************************
20180716T151028
===============come into FuWen mode====================

**********************************************
20180716T151028
===============come into FuWen mode====================

**********************************************
20180716T151028
===============come into FuWen mode====================

**********************************************
20180716T151035
===============come into FuWen mode====================

**********************************************
20180716T151037
===============come into FuWen mode====================

**********************************************
20180716T151038
===============come into FuWen mode====================

**********************************************
20180716T151038
===============come into FuWen mode====================

**********************************************
20180716T151038
===============come into FuWen mode====================

**********************************************
20180716T151038
===============come into FuWen mode====================

**********************************************
20180716T151039
===============come into FuWen mode====================

**********************************************
20180716T151039
===============come into FuWen mode====================

**********************************************
20180716T151040
===============come into FuWen mode====================

**********************************************
20180716T151040
===============come into FuWen mode====================

**********************************************
20180716T151040
===============come into FuWen mode====================

**********************************************
20180716T151040
===============come into FuWen mode====================

**********************************************
20180716T151041
===============come into FuWen mode====================
isdetected  [940.451, 335.984]

**********************************************
20180716T151041
===============come into FuWen mode====================

**********************************************
20180716T151049
===============come into FuWen mode====================

**********************************************
20180716T151050
===============come into FuWen mode====================

**********************************************
20180716T151051
===============come into FuWen mode====================

**********************************************
20180716T151052
===============come into FuWen mode====================

**********************************************
20180716T151052
===============come into FuWen mode====================

**********************************************
20180716T151052
===============come into FuWen mode====================

**********************************************
20180716T151053
===============come into FuWen mode====================

**********************************************
20180716T151053
===============come into FuWen mode====================

**********************************************
20180716T151053
===============come into FuWen mode====================

**********************************************
20180716T151053
===============come into FuWen mode====================

**********************************************
20180716T151054
===============come into FuWen mode====================

**********************************************
20180716T151054
===============come into FuWen mode====================

**********************************************
20180716T151054
===============come into FuWen mode====================

**********************************************
20180716T151055
===============come into FuWen mode====================

**********************************************
20180716T151055
===============come into FuWen mode====================

**********************************************
20180716T151056
===============come into FuWen mode====================

**********************************************
20180716T151057
===============come into FuWen mode====================

**********************************************
20180716T151058
===============come into FuWen mode====================

**********************************************
20180716T151104
===============come into FuWen mode====================

**********************************************
20180716T151105
===============come into FuWen mode====================

**********************************************
20180716T151106
===============come into FuWen mode====================

**********************************************
20180716T151106
===============come into FuWen mode====================

**********************************************
20180716T151106
===============come into FuWen mode====================

**********************************************
20180716T151106
===============come into FuWen mode====================

**********************************************
20180716T151107
===============come into FuWen mode====================

**********************************************
20180716T151107
===============come into FuWen mode====================

**********************************************
20180716T151107
===============come into FuWen mode====================

**********************************************
20180716T151108
===============come into FuWen mode====================

**********************************************
20180716T151108
===============come into FuWen mode====================

**********************************************
20180716T151108
===============come into FuWen mode====================

**********************************************
20180716T151109
===============come into FuWen mode====================

**********************************************
20180716T151109
===============come into FuWen mode====================

**********************************************
20180716T151109
===============come into FuWen mode====================

**********************************************
20180716T151110
===============come into FuWen mode====================

**********************************************
20180716T151110
===============come into FuWen mode====================

**********************************************
20180716T151110
===============come into FuWen mode====================

**********************************************
20180716T151111
===============come into FuWen mode====================

**********************************************
20180716T151111
===============come into FuWen mode====================

**********************************************
20180716T151111
===============come into FuWen mode====================

**********************************************
20180716T151112
===============come into FuWen mode====================

**********************************************
20180716T151112
===============come into FuWen mode====================

**********************************************
20180716T151112
===============come into FuWen mode====================

**********************************************
20180716T151113
===============come into FuWen mode====================

**********************************************
20180716T151113
===============come into FuWen mode====================

**********************************************
20180716T151113
===============come into FuWen mode====================

**********************************************
20180716T151113
===============come into FuWen mode====================

**********************************************
20180716T151114
===============come into FuWen mode====================

**********************************************
20180716T151114
===============come into FuWen mode====================

**********************************************
20180716T151114
===============come into FuWen mode====================

**********************************************
20180716T151115
===============come into FuWen mode====================

**********************************************
20180716T151115
===============come into FuWen mode====================

**********************************************
20180716T151115
===============come into FuWen mode====================

**********************************************
20180716T151116
===============come into FuWen mode====================

**********************************************
20180716T151116
===============come into FuWen mode====================

**********************************************
20180716T151116
===============come into FuWen mode====================

**********************************************
20180716T151117
===============come into FuWen mode====================

**********************************************
20180716T151117
===============come into FuWen mode====================

**********************************************
20180716T151117
===============come into FuWen mode====================

**********************************************
20180716T151118
===============come into FuWen mode====================

**********************************************
20180716T151118
===============come into FuWen mode====================

**********************************************
20180716T151119
===============come into FuWen mode====================

**********************************************
20180716T151119
===============come into FuWen mode====================

**********************************************
20180716T151120
===============come into FuWen mode====================

**********************************************
20180716T151120
===============come into FuWen mode====================

**********************************************
20180716T151121
===============come into FuWen mode====================

**********************************************
20180716T151122
===============come into FuWen mode====================

**********************************************
20180716T151122
===============come into FuWen mode====================

**********************************************
20180716T151122
===============come into FuWen mode====================

**********************************************
20180716T151123
===============come into FuWen mode====================

**********************************************
20180716T151123
===============come into FuWen mode====================

**********************************************
20180716T151123
===============come into FuWen mode====================

**********************************************
20180716T151123
===============come into FuWen mode====================

**********************************************
20180716T151124
===============come into FuWen mode====================

**********************************************
20180716T151124
===============come into FuWen mode====================

**********************************************
20180716T151124
===============come into FuWen mode====================

**********************************************
20180716T151125
===============come into FuWen mode====================

**********************************************
20180716T151125
===============come into FuWen mode====================

**********************************************
20180716T151125
===============come into FuWen mode====================

**********************************************
20180716T151126
===============come into FuWen mode====================

**********************************************
20180716T151126
===============come into FuWen mode====================

**********************************************
20180716T151127
===============come into FuWen mode====================

**********************************************
20180716T151129
===============come into FuWen mode====================

**********************************************
20180716T151130
===============come into FuWen mode====================

**********************************************
20180716T151131
===============come into FuWen mode====================

**********************************************
20180716T151132
===============come into FuWen mode====================

**********************************************
20180716T151133
===============come into FuWen mode====================

**********************************************
20180716T151133
===============come into FuWen mode====================

**********************************************
20180716T151133
===============come into FuWen mode====================

**********************************************
20180716T151134
===============come into FuWen mode====================

**********************************************
20180716T151134
===============come into FuWen mode====================

**********************************************
20180716T151135
===============come into FuWen mode====================

**********************************************
20180716T151135
===============come into FuWen mode====================

**********************************************
20180716T151135
===============come into FuWen mode====================

**********************************************
20180716T151135
===============come into FuWen mode====================

**********************************************
20180716T151136
===============come into FuWen mode====================

**********************************************
20180716T151136
===============come into FuWen mode====================

**********************************************
20180716T151137
===============come into FuWen mode====================

**********************************************
20180716T151137
===============come into FuWen mode====================

**********************************************
20180716T151141
===============come into FuWen mode====================

**********************************************
20180716T151141
===============come into FuWen mode====================

**********************************************
20180716T151142
===============come into FuWen mode====================

**********************************************
20180716T151142
===============come into FuWen mode====================

**********************************************
20180716T151142
===============come into FuWen mode====================

**********************************************
20180716T151143
===============come into FuWen mode====================

**********************************************
20180716T151143
===============come into FuWen mode====================

**********************************************
20180716T151144
===============come into FuWen mode====================

**********************************************
20180716T151144
===============come into FuWen mode====================

**********************************************
20180716T151145
===============come into FuWen mode====================

**********************************************
20180716T151145
===============come into FuWen mode====================

**********************************************
20180716T151146
===============come into FuWen mode====================

**********************************************
20180716T151146
===============come into FuWen mode====================

**********************************************
20180716T151147
===============come into FuWen mode====================

**********************************************
20180716T151147
===============come into FuWen mode====================

**********************************************
20180716T151148
===============come into FuWen mode====================

**********************************************
20180716T151148
===============come into FuWen mode====================

**********************************************
20180716T151148
===============come into FuWen mode====================

**********************************************
20180716T151149
===============come into FuWen mode====================

**********************************************
20180716T151149
===============come into FuWen mode====================

**********************************************
20180716T151149
===============come into FuWen mode====================

**********************************************
20180716T151149
===============come into FuWen mode====================

**********************************************
20180716T151150
===============come into FuWen mode====================

**********************************************
20180716T151150
===============come into FuWen mode====================

**********************************************
20180716T151150
===============come into FuWen mode====================

**********************************************
20180716T151150
===============come into FuWen mode====================

**********************************************
20180716T151151
===============come into FuWen mode====================

**********************************************
20180716T151151
===============come into FuWen mode====================

**********************************************
20180716T151151
===============come into FuWen mode====================

**********************************************
20180716T151152
===============come into FuWen mode====================

**********************************************
20180716T151152
===============come into FuWen mode====================

**********************************************
20180716T151152
===============come into FuWen mode====================
isdetected  [756.275, 207.314]

**********************************************
20180716T151153
===============come into FuWen mode====================

**********************************************
20180716T151153
===============come into FuWen mode====================

**********************************************
20180716T151251
===============come into FuWen mode====================

**********************************************
20180716T151253
===============come into FuWen mode====================

**********************************************
20180716T151256
===============come into FuWen mode====================

**********************************************
20180716T151257
===============come into FuWen mode====================

**********************************************
20180716T151258
===============come into FuWen mode====================

**********************************************
20180716T151258
===============come into FuWen mode====================

**********************************************
20180716T151259
===============come into FuWen mode====================

**********************************************
20180716T151300
===============come into FuWen mode====================

**********************************************
20180716T151301
===============come into FuWen mode====================

**********************************************
20180716T151301
===============come into FuWen mode====================

**********************************************
20180716T151312
===============come into FuWen mode====================

**********************************************
20180716T151314
===============come into FuWen mode====================

**********************************************
20180716T151315
===============come into FuWen mode====================

**********************************************
20180716T151316
===============come into FuWen mode====================

**********************************************
20180716T151318
===============come into FuWen mode====================

**********************************************
20180716T151318
===============come into FuWen mode====================

**********************************************
20180716T151319
===============come into FuWen mode====================

**********************************************
20180716T151319
===============come into FuWen mode====================

**********************************************
20180716T151320
===============come into FuWen mode====================

**********************************************
20180716T151321
===============come into FuWen mode====================

**********************************************
20180716T151325
===============come into FuWen mode====================

**********************************************
20180716T151326
===============come into FuWen mode====================

**********************************************
20180716T151327
===============come into FuWen mode====================

**********************************************
20180716T151328
===============come into FuWen mode====================

**********************************************
20180716T151329
===============come into FuWen mode====================

**********************************************
20180716T151329
===============come into FuWen mode====================

**********************************************
20180716T151329
===============come into FuWen mode====================

**********************************************
20180716T151330
===============come into FuWen mode====================

**********************************************
20180716T151330
===============come into FuWen mode====================

**********************************************
20180716T151331
===============come into FuWen mode====================

**********************************************
20180716T151331
===============come into FuWen mode====================

**********************************************
20180716T151332
===============come into FuWen mode====================

**********************************************
20180716T151332
===============come into FuWen mode====================

**********************************************
20180716T151333
===============come into FuWen mode====================

**********************************************
20180716T151334
===============come into FuWen mode====================

**********************************************
20180716T151334
===============come into FuWen mode====================

**********************************************
20180716T151334
===============come into FuWen mode====================

**********************************************
20180716T151335
===============come into FuWen mode====================

**********************************************
20180716T151335
===============come into FuWen mode====================

**********************************************
20180716T151336
===============come into FuWen mode====================
isdetected  [940.29, 220.722]

**********************************************
20180716T151336
===============come into FuWen mode====================

**********************************************
20180716T151337
===============come into FuWen mode====================

**********************************************
20180716T151337
===============come into FuWen mode====================

**********************************************
20180716T151337
===============come into FuWen mode====================

**********************************************
20180716T151339
===============come into FuWen mode====================

**********************************************
20180716T151339
===============come into FuWen mode====================

**********************************************
20180716T151339
===============come into FuWen mode====================

**********************************************
20180716T151340
===============come into FuWen mode====================

**********************************************
20180716T151340
===============come into FuWen mode====================

**********************************************
20180716T151340
===============come into FuWen mode====================

**********************************************
20180716T151340
===============come into FuWen mode====================

**********************************************
20180716T151341
===============come into FuWen mode====================

**********************************************
20180716T151341
===============come into FuWen mode====================

**********************************************
20180716T151341
===============come into FuWen mode====================

**********************************************
20180716T151342
===============come into FuWen mode====================

**********************************************
20180716T151342
===============come into FuWen mode====================

**********************************************
20180716T151342
===============come into FuWen mode====================

**********************************************
20180716T151342
===============come into FuWen mode====================

**********************************************
20180716T151343
===============come into FuWen mode====================

**********************************************
20180716T151343
===============come into FuWen mode====================

**********************************************
20180716T151343
===============come into FuWen mode====================

**********************************************
20180716T151343
===============come into FuWen mode====================

**********************************************
20180716T151344
===============come into FuWen mode====================

**********************************************
20180716T151344
===============come into FuWen mode====================

**********************************************
20180716T151344
===============come into FuWen mode====================

**********************************************
20180716T151345
===============come into FuWen mode====================

**********************************************
20180716T151345
===============come into FuWen mode====================

**********************************************
20180716T151345
===============come into FuWen mode====================

**********************************************
20180716T151345
===============come into FuWen mode====================

**********************************************
20180716T151346
===============come into FuWen mode====================

**********************************************
20180716T151431
===============come into FuWen mode====================

**********************************************
20180716T151438
===============come into FuWen mode====================

**********************************************
20180716T151439
===============come into FuWen mode====================

**********************************************
20180716T151439
===============come into FuWen mode====================

**********************************************
20180716T151439
===============come into FuWen mode====================

**********************************************
20180716T151440
===============come into FuWen mode====================

**********************************************
20180716T151440
===============come into FuWen mode====================

**********************************************
20180716T151440
===============come into FuWen mode====================

**********************************************
20180716T151441
===============come into FuWen mode====================

**********************************************
20180716T151441
===============come into FuWen mode====================

**********************************************
20180716T151441
===============come into FuWen mode====================

**********************************************
20180716T151441
===============come into FuWen mode====================

**********************************************
20180716T151442
===============come into FuWen mode====================

**********************************************
20180716T151442
===============come into FuWen mode====================

**********************************************
20180716T151447
===============come into FuWen mode====================

**********************************************
20180716T151449
===============come into FuWen mode====================

**********************************************
20180716T151449
===============come into FuWen mode====================

**********************************************
20180716T151450
===============come into FuWen mode====================

**********************************************
20180716T151456
===============come into FuWen mode====================

**********************************************
20180716T151457
===============come into FuWen mode====================

**********************************************
20180716T151457
===============come into FuWen mode====================

**********************************************
20180716T151458
===============come into FuWen mode====================

**********************************************
20180716T151458
===============come into FuWen mode====================

**********************************************
20180716T151458
===============come into FuWen mode====================

**********************************************
20180716T151458
===============come into FuWen mode====================

**********************************************
20180716T151506
===============come into FuWen mode====================

**********************************************
20180716T151513
===============come into FuWen mode====================

**********************************************
20180716T151513
===============come into FuWen mode====================

**********************************************
20180716T151514
===============come into FuWen mode====================

**********************************************
20180716T151514
===============come into FuWen mode====================

**********************************************
20180716T151514
===============come into FuWen mode====================

**********************************************
20180716T151515
===============come into FuWen mode====================

**********************************************
20180716T151515
===============come into FuWen mode====================

**********************************************
20180716T151515
===============come into FuWen mode====================

**********************************************
20180716T151516
===============come into FuWen mode====================

**********************************************
20180716T151516
===============come into FuWen mode====================

**********************************************
20180716T151517
===============come into FuWen mode====================

**********************************************
20180716T151712
===============come into FuWen mode====================

**********************************************
20180716T151715
===============come into FuWen mode====================
isdetected  [756.277, 211.684]

**********************************************
20180716T151720
===============come into FuWen mode====================

**********************************************
20180716T151724
===============come into FuWen mode====================

**********************************************
20180716T151725
===============come into FuWen mode====================

**********************************************
20180716T151725
===============come into FuWen mode====================

**********************************************
20180716T151726
===============come into FuWen mode====================

**********************************************
20180716T151726
===============come into FuWen mode====================

**********************************************
20180716T151726
===============come into FuWen mode====================

**********************************************
20180716T151727
===============come into FuWen mode====================

**********************************************
20180716T151727
===============come into FuWen mode====================

**********************************************
20180716T151727
===============come into FuWen mode====================

**********************************************
20180716T151728
===============come into FuWen mode====================

**********************************************
20180716T151736
===============come into FuWen mode====================

**********************************************
20180716T151738
===============come into FuWen mode====================

**********************************************
20180716T151818
===============come into FuWen mode====================

**********************************************
20180716T151830
===============come into FuWen mode====================

**********************************************
20180716T151831
===============come into FuWen mode====================

**********************************************
20180716T151832
===============come into FuWen mode====================

**********************************************
20180716T151832
===============come into FuWen mode====================

**********************************************
20180716T151833
===============come into FuWen mode====================

**********************************************
20180716T151833
===============come into FuWen mode====================

**********************************************
20180716T151834
===============come into FuWen mode====================

**********************************************
20180716T151834
===============come into FuWen mode====================

**********************************************
20180716T151835
===============come into FuWen mode====================

**********************************************
20180716T151841
===============come into FuWen mode====================

**********************************************
20180716T151844
===============come into FuWen mode====================

**********************************************
20180716T151845
===============come into FuWen mode====================

**********************************************
20180716T151847
===============come into FuWen mode====================
isdetected  [754.216, 456.738]

**********************************************
20180716T151857
===============come into FuWen mode====================

**********************************************
20180716T151911
===============come into FuWen mode====================

**********************************************
20180716T151913
===============come into FuWen mode====================

**********************************************
20180716T151913
===============come into FuWen mode====================

**********************************************
20180716T151914
===============come into FuWen mode====================

**********************************************
20180716T151914
===============come into FuWen mode====================

**********************************************
20180716T151914
===============come into FuWen mode====================

**********************************************
20180716T151915
===============come into FuWen mode====================

**********************************************
20180716T151915
===============come into FuWen mode====================

**********************************************
20180716T151915
===============come into FuWen mode====================

**********************************************
20180716T151916
===============come into FuWen mode====================

**********************************************
20180716T151916
===============come into FuWen mode====================

**********************************************
20180716T151917
===============come into FuWen mode====================

**********************************************
20180716T151917
===============come into FuWen mode====================

**********************************************
20180716T151917
===============come into FuWen mode====================

**********************************************
20180716T151918
===============come into FuWen mode====================

**********************************************
20180716T151918
===============come into FuWen mode====================

**********************************************
20180716T151919
===============come into FuWen mode====================

**********************************************
20180716T151919
===============come into FuWen mode====================

**********************************************
20180716T151919
===============come into FuWen mode====================

**********************************************
20180716T151920
===============come into FuWen mode====================

**********************************************
20180716T151921
===============come into FuWen mode====================

**********************************************
20180716T151923
===============come into FuWen mode====================

**********************************************
20180716T151924
===============come into FuWen mode====================

**********************************************
20180716T151924
===============come into FuWen mode====================

**********************************************
20180716T151925
===============come into FuWen mode====================

**********************************************
20180716T151927
===============come into FuWen mode====================

**********************************************
20180716T151928
===============come into FuWen mode====================

**********************************************
20180716T151933
===============come into FuWen mode====================

**********************************************
20180716T151933
===============come into FuWen mode====================

**********************************************
20180716T151933
===============come into FuWen mode====================

**********************************************
20180716T151934
===============come into FuWen mode====================

**********************************************
20180716T151934
===============come into FuWen mode====================

**********************************************
20180716T151934
===============come into FuWen mode====================

**********************************************
20180716T151935
===============come into FuWen mode====================

**********************************************
20180716T151935
===============come into FuWen mode====================

**********************************************
20180716T151935
===============come into FuWen mode====================

**********************************************
20180716T151937
===============come into FuWen mode====================

**********************************************
20180716T151937
===============come into FuWen mode====================

**********************************************
20180716T151937
===============come into FuWen mode====================

**********************************************
20180716T151938
===============come into FuWen mode====================

**********************************************
20180716T151938
===============come into FuWen mode====================

**********************************************
20180716T151939
===============come into FuWen mode====================

**********************************************
20180716T151939
===============come into FuWen mode====================

**********************************************
20180716T151939
===============come into FuWen mode====================

**********************************************
20180716T151940
===============come into FuWen mode====================

**********************************************
20180716T151940
===============come into FuWen mode====================

**********************************************
20180716T151940
===============come into FuWen mode====================

**********************************************
20180716T151941
===============come into FuWen mode====================

**********************************************
20180716T151941
===============come into FuWen mode====================

**********************************************
20180716T151942
===============come into FuWen mode====================

**********************************************
20180716T151942
===============come into FuWen mode====================

**********************************************
20180716T151943
===============come into FuWen mode====================

**********************************************
20180716T151943
===============come into FuWen mode====================

**********************************************
20180716T151943
===============come into FuWen mode====================

**********************************************
20180716T151944
===============come into FuWen mode====================

**********************************************
20180716T151944
===============come into FuWen mode====================

**********************************************
20180716T151944
===============come into FuWen mode====================

**********************************************
20180716T151945
===============come into FuWen mode====================

**********************************************
20180716T151945
===============come into FuWen mode====================

**********************************************
20180716T151946
===============come into FuWen mode====================

**********************************************
20180716T151946
===============come into FuWen mode====================

**********************************************
20180716T151947
===============come into FuWen mode====================

**********************************************
20180716T151949
===============come into FuWen mode====================

**********************************************
20180716T151949
===============come into FuWen mode====================

**********************************************
20180716T151950
===============come into FuWen mode====================

**********************************************
20180716T151952
===============come into FuWen mode====================

**********************************************
20180716T151952
===============come into FuWen mode====================

**********************************************
20180716T151953
===============come into FuWen mode====================

**********************************************
20180716T151959
===============come into FuWen mode====================

**********************************************
20180716T151959
===============come into FuWen mode====================

**********************************************
20180716T152000
===============come into FuWen mode====================

**********************************************
20180716T152000
===============come into FuWen mode====================

**********************************************
20180716T152001
===============come into FuWen mode====================

**********************************************
20180716T152001
===============come into FuWen mode====================

**********************************************
20180716T152002
===============come into FuWen mode====================

**********************************************
20180716T152002
===============come into FuWen mode====================

**********************************************
20180716T152003
===============come into FuWen mode====================

**********************************************
20180716T152008
===============come into FuWen mode====================

**********************************************
20180716T152009
===============come into FuWen mode====================

**********************************************
20180716T152009
===============come into FuWen mode====================

**********************************************
20180716T152009
===============come into FuWen mode====================

**********************************************
20180716T152010
===============come into FuWen mode====================

**********************************************
20180716T152010
===============come into FuWen mode====================

**********************************************
20180716T152013
===============come into FuWen mode====================

**********************************************
20180716T152013
===============come into FuWen mode====================

**********************************************
20180716T152014
===============come into FuWen mode====================

**********************************************
20180716T152018
===============come into FuWen mode====================

**********************************************
20180716T152019
===============come into FuWen mode====================

**********************************************
20180716T152019
===============come into FuWen mode====================

**********************************************
20180716T152020
===============come into FuWen mode====================

**********************************************
20180716T152020
===============come into FuWen mode====================

**********************************************
20180716T152021
===============come into FuWen mode====================

**********************************************
20180716T152021
===============come into FuWen mode====================

**********************************************
20180716T152021
===============come into FuWen mode====================

**********************************************
20180716T152022
===============come into FuWen mode====================

**********************************************
20180716T152022
===============come into FuWen mode====================

**********************************************
20180716T152022
===============come into FuWen mode====================

**********************************************
20180716T152023
===============come into FuWen mode====================

**********************************************
20180716T152023
===============come into FuWen mode====================

**********************************************
20180716T152023
===============come into FuWen mode====================

**********************************************
20180716T152024
===============come into FuWen mode====================

**********************************************
20180716T152025
===============come into FuWen mode====================

**********************************************
20180716T152026
===============come into FuWen mode====================

**********************************************
20180716T152027
===============come into FuWen mode====================

**********************************************
20180716T152029
===============come into FuWen mode====================

**********************************************
20180716T152030
===============come into FuWen mode====================

**********************************************
20180716T152030
===============come into FuWen mode====================

**********************************************
20180716T152031
===============come into FuWen mode====================

**********************************************
20180716T152032
===============come into FuWen mode====================

**********************************************
20180716T152032
===============come into FuWen mode====================

**********************************************
20180716T152033
===============come into FuWen mode====================

**********************************************
20180716T152033
===============come into FuWen mode====================

**********************************************
20180716T152033
===============come into FuWen mode====================

**********************************************
20180716T152034
===============come into FuWen mode====================

**********************************************
20180716T152035
===============come into FuWen mode====================
